[debug] [2023-06-17T10:37:50.507Z] ----------------------------------------------------------------------
[debug] [2023-06-17T10:37:50.510Z] Command:       C:\Program Files\nodejs\node.exe C:\Users\Bannu\AppData\Roaming\npm\node_modules\firebase-tools\lib\bin\firebase.js init
[debug] [2023-06-17T10:37:50.511Z] CLI Version:   12.3.1
[debug] [2023-06-17T10:37:50.512Z] Platform:      win32
[debug] [2023-06-17T10:37:50.512Z] Node Version:  v18.15.0
[debug] [2023-06-17T10:37:50.513Z] Time:          Sat Jun 17 2023 16:07:50 GMT+0530 (India Standard Time)
[debug] [2023-06-17T10:37:50.513Z] ----------------------------------------------------------------------
[debug] 
[debug] [2023-06-17T10:37:50.606Z] > command requires scopes: ["email","openid","https://www.googleapis.com/auth/cloudplatformprojects.readonly","https://www.googleapis.com/auth/firebase","https://www.googleapis.com/auth/cloud-platform"]
[debug] [2023-06-17T10:37:50.607Z] > authorizing via signed-in user (bandibannu773@gmail.com)
[info] 
     ######## #### ########  ######## ########     ###     ######  ########
     ##        ##  ##     ## ##       ##     ##  ##   ##  ##       ##
     ######    ##  ########  ######   ########  #########  ######  ######
     ##        ##  ##    ##  ##       ##     ## ##     ##       ## ##
     ##       #### ##     ## ######## ########  ##     ##  ######  ########

You're about to initialize a Firebase project in this directory:

  D:\Studies\Messanger\messenger

Before we get started, keep in mind:

  * You are initializing within an existing Firebase project directory

[info] 
=== Project Setup
[info] 
[info] First, let's associate this project directory with a Firebase project.
[info] You can create multiple project aliases by running firebase use --add, 
[info] but for now we'll just set up a default project.
[info] 
[debug] [2023-06-17T10:37:56.728Z] Using project from CLI flag: messenger-facebook-efdc2
[debug] [2023-06-17T10:37:56.730Z] > refreshing access token with scopes: []
[debug] [2023-06-17T10:37:56.733Z] >>> [apiv2][query] POST https://www.googleapis.com/oauth2/v3/token [none]
[debug] [2023-06-17T10:37:56.733Z] >>> [apiv2][body] POST https://www.googleapis.com/oauth2/v3/token [omitted]
[debug] [2023-06-17T10:37:57.058Z] <<< [apiv2][status] POST https://www.googleapis.com/oauth2/v3/token 200
[debug] [2023-06-17T10:37:57.058Z] <<< [apiv2][body] POST https://www.googleapis.com/oauth2/v3/token [omitted]
[debug] [2023-06-17T10:37:57.065Z] >>> [apiv2][query] GET https://firebase.googleapis.com/v1beta1/projects/messenger-facebook-efdc2 [none]
[debug] [2023-06-17T10:37:57.524Z] <<< [apiv2][status] GET https://firebase.googleapis.com/v1beta1/projects/messenger-facebook-efdc2 200
[debug] [2023-06-17T10:37:57.525Z] <<< [apiv2][body] GET https://firebase.googleapis.com/v1beta1/projects/messenger-facebook-efdc2 {"projectId":"messenger-facebook-efdc2","projectNumber":"262917267046","displayName":"messenger-facebook","name":"projects/messenger-facebook-efdc2","resources":{"hostingSite":"messenger-facebook-efdc2","storageBucket":"messenger-facebook-efdc2.appspot.com","locationId":"us-central"},"state":"ACTIVE","etag":"1_ef473ccb-4e29-4680-a055-b48c09a2e561"}
[info] i  Using project messenger-facebook-efdc2 (messenger-facebook) 
[info] 
=== Hosting Setup
[info] 
[info] Your public directory is the folder (relative to your project directory) that
[info] will contain Hosting assets to be uploaded with firebase deploy. If you
[info] have a build process for your assets, use your build's output directory.
[info] 
